<?xml version="1.0" encoding="UTF-8"?>
<!-- Generated by org.testng.reporters.JUnitXMLReporter -->
<testsuite ignored="1" hostname="Sheetal" failures="0" tests="2" name="Test" time="3.221" errors="0" timestamp="2023-10-01T15:47:46 PDT">
  <testcase classname="testcases.TestNG" name="Login" time="3.043"/>
  <testcase classname="testcases.TestNG" name="ogin" time="0.01"/>
  <testcase classname="testcases.TestNG" name="out" time="0.0">
    <ignored/>
  </testcase> <!-- out -->
</testsuite> <!-- Test -->
