<?xml version="1.0" encoding="UTF-8"?>
<!-- Generated by org.testng.reporters.JUnitXMLReporter -->
<testsuite ignored="1" hostname="Sheetal" failures="0" tests="3" name="Test" time="7.101" errors="0" timestamp="2023-10-11T00:59:31 PDT">
  <testcase classname="testcases.TestNG" name="Login" time="7.011"/>
  <testcase classname="testcases.TestNG" name="ogin" time="0.001"/>
  <testcase classname="demo.NewTest" name="f" time="0.0"/>
  <testcase classname="testcases.TestNG" name="out" time="0.0">
    <ignored/>
  </testcase> <!-- out -->
</testsuite> <!-- Test -->
