<?xml version="1.0" encoding="UTF-8"?>
<!-- Generated by org.testng.reporters.JUnitXMLReporter -->
<testsuite ignored="0" hostname="Sheetal" failures="2" tests="2" name="Chrome browser tests" time="3.072" errors="0" timestamp="2023-10-01T12:31:36 PDT">
  <testcase classname="tests.LoginTests" name="loginTest2" time="0.043">
    <failure type="java.lang.NullPointerException" message="Cannot invoke &amp;quot;org.openqa.selenium.WebDriver.get(String)&amp;quot; because &amp;quot;driver&amp;quot; is null">
      <![CDATA[java.lang.NullPointerException: Cannot invoke "org.openqa.selenium.WebDriver.get(String)" because "driver" is null
at pages.LoginPage.loginToApp(LoginPage.java:68)
at tests.LoginTests.loginTest2(LoginTests.java:50)
at java.base/java.util.concurrent.ThreadPoolExecutor.runWorker(ThreadPoolExecutor.java:1136)
at java.base/java.util.concurrent.ThreadPoolExecutor$Worker.run(ThreadPoolExecutor.java:635)
at java.base/java.lang.Thread.run(Thread.java:833)
... Removed 12 stack frames]]>
    </failure>
  </testcase> <!-- loginTest2 -->
  <testcase classname="tests.LoginTests" name="loginTest2" time="0.075">
    <failure type="java.lang.NullPointerException" message="Cannot invoke &amp;quot;org.openqa.selenium.TakesScreenshot.getScreenshotAs(org.openqa.selenium.OutputType)&amp;quot; because &amp;quot;screen&amp;quot; is null">
      <![CDATA[java.lang.NullPointerException: Cannot invoke "org.openqa.selenium.TakesScreenshot.getScreenshotAs(org.openqa.selenium.OutputType)" because "screen" is null
at utils.CommonUtils.getScreenshots(CommonUtils.java:76)
at listeners.SFDClisteners.onTestFailure(SFDClisteners.java:29)
at java.base/java.util.concurrent.ThreadPoolExecutor.runWorker(ThreadPoolExecutor.java:1136)
at java.base/java.util.concurrent.ThreadPoolExecutor$Worker.run(ThreadPoolExecutor.java:635)
at java.base/java.lang.Thread.run(Thread.java:833)
... Removed 9 stack frames]]>
    </failure>
  </testcase> <!-- loginTest2 -->
</testsuite> <!-- Chrome browser tests -->
