<?xml version="1.0" encoding="UTF-8"?>
<testng-results ignored="0" total="4" passed="4" failed="0" skipped="0">
  <reporter-output>
  </reporter-output>
  <suite started-at="2023-10-10T23:22:56 PDT" name="Suite" finished-at="2023-10-10T23:23:00 PDT" duration-ms="4046">
    <groups>
      <group name="regression">
        <method signature="TestNG.Login()[pri:0, instance:testcases.TestNG@317e9c3c]" name="Login" class="testcases.TestNG"/>
        <method signature="TestNG.out()[pri:0, instance:testcases.TestNG@317e9c3c]" name="out" class="testcases.TestNG"/>
      </group> <!-- regression -->
      <group name="smoke">
        <method signature="TestNG.Login()[pri:0, instance:testcases.TestNG@317e9c3c]" name="Login" class="testcases.TestNG"/>
        <method signature="TestNG.ogin()[pri:0, instance:testcases.TestNG@317e9c3c]" name="ogin" class="testcases.TestNG"/>
      </group> <!-- smoke -->
    </groups>
    <test started-at="2023-10-10T23:22:56 PDT" name="Test" finished-at="2023-10-10T23:23:00 PDT" duration-ms="4046">
      <class name="testcases.TestNG">
        <test-method signature="Login()[pri:0, instance:testcases.TestNG@317e9c3c]" started-at="2023-10-10T23:22:56 PDT" name="Login" finished-at="2023-10-10T23:23:00 PDT" duration-ms="3966" status="PASS">
          <reporter-output>
          </reporter-output>
        </test-method> <!-- Login -->
        <test-method signature="ogin()[pri:0, instance:testcases.TestNG@317e9c3c]" started-at="2023-10-10T23:23:00 PDT" name="ogin" finished-at="2023-10-10T23:23:00 PDT" duration-ms="1" status="PASS">
          <reporter-output>
          </reporter-output>
        </test-method> <!-- ogin -->
        <test-method signature="out()[pri:0, instance:testcases.TestNG@317e9c3c]" started-at="2023-10-10T23:23:00 PDT" name="out" finished-at="2023-10-10T23:23:00 PDT" duration-ms="0" status="PASS">
          <reporter-output>
          </reporter-output>
        </test-method> <!-- out -->
      </class> <!-- testcases.TestNG -->
    </test> <!-- Test -->
  </suite> <!-- Suite -->
  <suite started-at="2023-10-10T23:23:00 PDT" name="SampleSuite" finished-at="2023-10-10T23:23:21 PDT" duration-ms="20762">
    <groups>
    </groups>
    <test started-at="2023-10-10T23:23:00 PDT" name="Chrome browser test" finished-at="2023-10-10T23:23:21 PDT" duration-ms="20762">
      <class name="tests.OptyTests">
        <test-method is-config="true" signature="setDriver(java.lang.String,boolean)[pri:0, instance:tests.OptyTests@242b6e1a]" started-at="2023-10-10T23:23:00 PDT" name="setDriver" finished-at="2023-10-10T23:23:03 PDT" duration-ms="2923" status="PASS">
          <params>
            <param index="0">
              <value>
                <![CDATA[chrome]]>
              </value>
            </param>
            <param index="1">
              <value>
                <![CDATA[false]]>
              </value>
            </param>
          </params>
          <reporter-output>
          </reporter-output>
        </test-method> <!-- setDriver -->
        <test-method is-config="true" signature="navigateToHome()[pri:0, instance:tests.OptyTests@242b6e1a]" started-at="2023-10-10T23:23:03 PDT" name="navigateToHome" finished-at="2023-10-10T23:23:16 PDT" duration-ms="12205" status="PASS">
          <reporter-output>
          </reporter-output>
        </test-method> <!-- navigateToHome -->
        <test-method is-config="true" signature="setup(java.lang.reflect.Method)[pri:0, instance:tests.OptyTests@242b6e1a]" started-at="2023-10-10T23:23:16 PDT" name="setup" finished-at="2023-10-10T23:23:16 PDT" duration-ms="18" status="PASS">
          <params>
            <param index="0">
              <value>
                <![CDATA[public void tests.OptyTests.optyTab_TC15() throws java.io.IOException,java.lang.InterruptedException]]>
              </value>
            </param>
          </params>
          <reporter-output>
          </reporter-output>
        </test-method> <!-- setup -->
        <test-method signature="optyTab_TC15()[pri:0, instance:tests.OptyTests@242b6e1a]" started-at="2023-10-10T23:23:16 PDT" name="optyTab_TC15" description="opportunities drop down" finished-at="2023-10-10T23:23:17 PDT" duration-ms="1160" status="PASS">
          <reporter-output>
          </reporter-output>
        </test-method> <!-- optyTab_TC15 -->
        <test-method is-config="true" signature="tearDown(java.lang.reflect.Method)[pri:0, instance:tests.OptyTests@242b6e1a]" started-at="2023-10-10T23:23:17 PDT" name="tearDown" finished-at="2023-10-10T23:23:17 PDT" duration-ms="2" status="PASS">
          <params>
            <param index="0">
              <value>
                <![CDATA[public void tests.OptyTests.optyTab_TC15() throws java.io.IOException,java.lang.InterruptedException]]>
              </value>
            </param>
          </params>
          <reporter-output>
          </reporter-output>
        </test-method> <!-- tearDown -->
        <test-method is-config="true" signature="delete()[pri:0, instance:tests.OptyTests@242b6e1a]" started-at="2023-10-10T23:23:17 PDT" name="delete" finished-at="2023-10-10T23:23:19 PDT" duration-ms="2073" status="PASS">
          <reporter-output>
          </reporter-output>
        </test-method> <!-- delete -->
        <test-method is-config="true" signature="removeDriver()[pri:0, instance:tests.OptyTests@242b6e1a]" started-at="2023-10-10T23:23:19 PDT" name="removeDriver" finished-at="2023-10-10T23:23:21 PDT" duration-ms="2357" status="PASS">
          <reporter-output>
          </reporter-output>
        </test-method> <!-- removeDriver -->
      </class> <!-- tests.OptyTests -->
    </test> <!-- Chrome browser test -->
  </suite> <!-- SampleSuite -->
</testng-results>
