<?xml version="1.0" encoding="UTF-8"?>
<testng-results ignored="0" total="2" passed="2" failed="0" skipped="0">
  <reporter-output>
  </reporter-output>
  <suite started-at="2023-08-22T23:16:31 PDT" name="Default suite" finished-at="2023-08-22T23:16:36 PDT" duration-ms="5392">
    <groups>
    </groups>
    <test started-at="2023-08-22T23:16:31 PDT" name="Default test" finished-at="2023-08-22T23:16:36 PDT" duration-ms="5392">
      <class name="testcases.TestNG">
        <test-method signature="Login()[pri:0, instance:testcases.TestNG@5116ac09]" started-at="2023-08-22T23:16:31 PDT" name="Login" finished-at="2023-08-22T23:16:34 PDT" duration-ms="3476" status="PASS">
          <reporter-output>
          </reporter-output>
        </test-method> <!-- Login -->
        <test-method signature="out()[pri:0, instance:testcases.TestNG@5116ac09]" started-at="2023-08-22T23:16:34 PDT" name="out" finished-at="2023-08-22T23:16:36 PDT" duration-ms="1766" status="PASS">
          <reporter-output>
          </reporter-output>
        </test-method> <!-- out -->
      </class> <!-- testcases.TestNG -->
    </test> <!-- Default test -->
  </suite> <!-- Default suite -->
</testng-results>
